<?xml version="1.0" encoding="UTF-8"?>
<testsuites name="jest tests" tests="14" failures="0" errors="0" time="7.817">
  <testsuite name="src/shared/core/Guard.spec.ts" errors="0" failures="0" skipped="0" timestamp="2023-10-07T17:37:50" time="3.045" tests="9">
    <testcase classname="guard &gt; combined results - knows that two successful results equates to success" name="guard &gt; combined results - knows that two successful results equates to success" time="0.006">
    </testcase>
    <testcase classname="guard &gt; combined results - knows that one success, one failure equates to overall failure" name="guard &gt; combined results - knows that one success, one failure equates to overall failure" time="0.004">
    </testcase>
    <testcase classname="guard &gt; against null or undefined - knows that value provided equates to success" name="guard &gt; against null or undefined - knows that value provided equates to success" time="0">
    </testcase>
    <testcase classname="guard &gt; against null or undefined - knows that null value equates to failure" name="guard &gt; against null or undefined - knows that null value equates to failure" time="0.001">
    </testcase>
    <testcase classname="guard &gt; against null or undefined - knows that undefined value equates to failure" name="guard &gt; against null or undefined - knows that undefined value equates to failure" time="0.001">
    </testcase>
    <testcase classname="guard &gt; against null or undefined - knows that empty string still equates to success" name="guard &gt; against null or undefined - knows that empty string still equates to success" time="0.001">
    </testcase>
    <testcase classname="guard &gt; against null or undefined bulk - knows that values provided equates to success" name="guard &gt; against null or undefined bulk - knows that values provided equates to success" time="0.001">
    </testcase>
    <testcase classname="guard &gt; against null or undefined bulk - knows that a single null value equates to failure" name="guard &gt; against null or undefined bulk - knows that a single null value equates to failure" time="0">
    </testcase>
    <testcase classname="guard &gt; against null or undefined bulk - knows that a single undefined value equates to failure" name="guard &gt; against null or undefined bulk - knows that a single undefined value equates to failure" time="0.001">
    </testcase>
  </testsuite>
  <testsuite name="src/modules/forum/domain/postSlug.spec.ts" errors="0" failures="0" skipped="0" timestamp="2023-10-07T17:37:51" time="5.134" tests="2">
    <testcase classname=" - Should be able to create a post slug" name=" - Should be able to create a post slug" time="0.015">
    </testcase>
    <testcase classname=" - Should be able to parse out any bad characters not suitable for a slug" name=" - Should be able to parse out any bad characters not suitable for a slug" time="0.002">
    </testcase>
  </testsuite>
  <testsuite name="src/modules/forum/domain/services/postService.spec.ts" errors="0" failures="0" skipped="0" timestamp="2023-10-07T17:37:50" time="6.53" tests="3">
    <testcase classname=" - Comments: Given one member, a downvote to a post without any votes should add one downvote" name=" - Comments: Given one member, a downvote to a post without any votes should add one downvote" time="0.032">
    </testcase>
    <testcase classname=" - Comments: Given one member, several downvotes to an already downvoted post should do nothing." name=" - Comments: Given one member, several downvotes to an already downvoted post should do nothing." time="0.015">
    </testcase>
    <testcase classname=" - Comments: Given one member, a downvote to a comment it already upvoted should merely remove the upvote and create no additional downvote" name=" - Comments: Given one member, a downvote to a comment it already upvoted should merely remove the upvote and create no additional downvote" time="0.014">
    </testcase>
  </testsuite>
</testsuites>